<?xml version="1.0" encoding="UTF-8"?>
<!-- Generated by org.testng.reporters.JUnitReportReporter -->
<testsuite skipped="0" hostname="LSD-PC" name="com.jgive.pages.SelectProjectTestNG" tests="3" failures="0" timestamp="23 Jun 2018 13:06:33 GMT" time="36.271" errors="0">
  <testcase name="TestSelectProject" time="13.188" classname="com.jgive.pages.SelectProjectTestNG"/>
  <testcase name="TestSelectProject" time="12.245" classname="com.jgive.pages.SelectProjectTestNG"/>
  <testcase name="TestSelectProject" time="10.838" classname="com.jgive.pages.SelectProjectTestNG"/>
</testsuite> <!-- com.jgive.pages.SelectProjectTestNG -->
